Traceback (most recent call last):
  File "/usr/local/python/3.12.1/lib/python3.12/site-packages/jupyter_cache/executors/utils.py", line 58, in single_nb_execution
    executenb(
  File "/usr/local/python/3.12.1/lib/python3.12/site-packages/nbclient/client.py", line 1319, in execute
    return NotebookClient(nb=nb, resources=resources, km=km, **kwargs).execute()
           ^^^^^^^^^^^^^^^^^^^^^^^^^^^^^^^^^^^^^^^^^^^^^^^^^^^^^^^^^^^^^^^^^^^^^
  File "/usr/local/python/3.12.1/lib/python3.12/site-packages/jupyter_core/utils/__init__.py", line 165, in wrapped
    return loop.run_until_complete(inner)
           ^^^^^^^^^^^^^^^^^^^^^^^^^^^^^^
  File "/usr/local/python/3.12.1/lib/python3.12/asyncio/base_events.py", line 684, in run_until_complete
    return future.result()
           ^^^^^^^^^^^^^^^
  File "/usr/local/python/3.12.1/lib/python3.12/site-packages/nbclient/client.py", line 709, in async_execute
    await self.async_execute_cell(
  File "/usr/local/python/3.12.1/lib/python3.12/site-packages/nbclient/client.py", line 1062, in async_execute_cell
    await self._check_raise_for_error(cell, cell_index, exec_reply)
  File "/usr/local/python/3.12.1/lib/python3.12/site-packages/nbclient/client.py", line 918, in _check_raise_for_error
    raise CellExecutionError.from_cell_and_msg(cell, exec_reply_content)
nbclient.exceptions.CellExecutionError: An error occurred while executing the following cell:
------------------
import openeo
from shapely.geometry import shape

connection = openeo.connect("openeo.dataspace.copernicus.eu").authenticate_oidc()

aoi = {
    "type": "Polygon",
    "coordinates": [
          [
            [
              112.72,
              -7.00
            ],
            [
              112.72,
              -7.05
            ],
            [
              112.77,
              -7.05
            ],
            [
              112.77,
              -7.00
            ],
            [
              112.72,
              -7.00
            ]
          ]
    ],
}

prob = connection.load_collection(
    "SENTINEL_5P_L2",
    temporal_extent=["2025-01-20", "2025-10-20"],
    spatial_extent={
        "west":112.72,
        "south":-7.05,
        "east":112.77,
        "north":-7.00
    },
    bands=["NO2"],
)

feature = {"type":"Feature", "geometry": aoi, "properties": {"id": 1}}

fc = {"type": "FeatureCollection", "features": [feature]}
# Now aggregate by day to avoid having multiple data per day
prob = prob.aggregate_temporal_period(reducer="mean", period="day")

# let's create a spatial aggregation to generate mean timeseries data
prob = prob.aggregate_spatial(reducer="mean", geometries=fc)

job = prob.execute_batch(title="NO2 Kota Bangkalan Jnr 2025 - Okt 2025", outputfile="no2BARU.nc")
------------------


[31m---------------------------------------------------------------------------[39m
[31mModuleNotFoundError[39m                       Traceback (most recent call last)
[36mCell[39m[36m [39m[32mIn[1][39m[32m, line 1[39m
[32m----> [39m[32m1[39m [38;5;28;01mimport[39;00m[38;5;250m [39m[34;01mopeneo[39;00m
[32m      2[39m [38;5;28;01mfrom[39;00m[38;5;250m [39m[34;01mshapely[39;00m[34;01m.[39;00m[34;01mgeometry[39;00m[38;5;250m [39m[38;5;28;01mimport[39;00m shape
[32m      4[39m connection = openeo.connect([33m"[39m[33mopeneo.dataspace.copernicus.eu[39m[33m"[39m).authenticate_oidc()

[31mModuleNotFoundError[39m: No module named 'openeo'

